Using pre-set license
Built from '2020.3/staging' branch; Version is '2020.3.5f1 (8095aa901b9b) revision 8426922'; Using compiler version '192528614'; Build Type 'Release'
OS: 'Windows 10 Pro; OS build 19042.1052; Version 2009; 64bit' Language: 'pl' Physical Memory: 16319 MB
BatchMode: 1, IsHumanControllingUs: 0, StartBugReporterOnCrash: 0, Is64bit: 1, IsPro: 0

 COMMAND LINE ARGUMENTS:
C:\Program Files\Unity\Hub\Editor\2020.3.5f1\Editor\Unity.exe
-adb2
-batchMode
-noUpm
-name
AssetImportWorker0
-projectPath
P:/Repos/Unity2D/Car-Crush/Car-Crash/Car-Crush
-logFile
Logs/AssetImportWorker0.log
-srvPort
1073
Successfully changed project path to: P:/Repos/Unity2D/Car-Crush/Car-Crash/Car-Crush
P:/Repos/Unity2D/Car-Crush/Car-Crash/Car-Crush
Using Asset Import Pipeline V2.
Refreshing native plugins compatible for Editor in 33.48 ms, found 1 plugins.
Preloading 0 native plugins for Editor in 0.00 ms.
Initialize engine version: 2020.3.5f1 (8095aa901b9b)
[Subsystems] Discovering subsystems at path C:/Program Files/Unity/Hub/Editor/2020.3.5f1/Editor/Data/Resources/UnitySubsystems
[Subsystems] Discovering subsystems at path P:/Repos/Unity2D/Car-Crush/Car-Crash/Car-Crush/Assets
GfxDevice: creating device client; threaded=0
Direct3D:
    Version:  Direct3D 11.0 [level 11.1]
    Renderer: NVIDIA GeForce GTX 1070 Ti (ID=0x1b82)
    Vendor:   
    VRAM:     8079 MB
    Driver:   27.21.14.6611
Initialize mono
Mono path[0] = 'C:/Program Files/Unity/Hub/Editor/2020.3.5f1/Editor/Data/Managed'
Mono path[1] = 'C:/Program Files/Unity/Hub/Editor/2020.3.5f1/Editor/Data/MonoBleedingEdge/lib/mono/unityjit'
Mono config path = 'C:/Program Files/Unity/Hub/Editor/2020.3.5f1/Editor/Data/MonoBleedingEdge/etc'
Using monoOptions --debugger-agent=transport=dt_socket,embedding=1,server=y,suspend=n,address=127.0.0.1:56956
Begin MonoManager ReloadAssembly
Registering precompiled unity dll's ...
Register platform support module: C:/Program Files/Unity/Hub/Editor/2020.3.5f1/Editor/Data/PlaybackEngines/WebGLSupport/UnityEditor.WebGL.Extensions.dll
Register platform support module: C:/Program Files/Unity/Hub/Editor/2020.3.5f1/Editor/Data/PlaybackEngines/WindowsStandaloneSupport/UnityEditor.WindowsStandalone.Extensions.dll
Registered in 0.001445 seconds.
Native extension for WindowsStandalone target not found
Native extension for WebGL target not found
Refreshing native plugins compatible for Editor in 35.10 ms, found 1 plugins.
Preloading 0 native plugins for Editor in 0.00 ms.
Mono: successfully reloaded assembly
- Completed reload, in  1.337 seconds
Platform modules already initialized, skipping
Registering precompiled user dll's ...
Registered in 0.000633 seconds.
Begin MonoManager ReloadAssembly
Native extension for WindowsStandalone target not found
Native extension for WebGL target not found
Refreshing native plugins compatible for Editor in 34.73 ms, found 1 plugins.
Preloading 0 native plugins for Editor in 0.00 ms.
Mono: successfully reloaded assembly
- Completed reload, in  0.788 seconds
Platform modules already initialized, skipping
========================================================================
Worker process is ready to serve import requests
Launched and connected shader compiler UnityShaderCompiler.exe after 0.03 seconds
Refreshing native plugins compatible for Editor in 0.34 ms, found 1 plugins.
Preloading 0 native plugins for Editor in 0.00 ms.
Unloading 1817 Unused Serialized files (Serialized files now loaded: 0)
System memory in use before: 85.4 MB.
System memory in use after: 85.4 MB.

Unloading 24 unused Assets to reduce memory usage. Loaded Objects now: 2261.
Total: 1.839300 ms (FindLiveObjects: 0.166800 ms CreateObjectMapping: 0.064600 ms MarkObjects: 1.499900 ms  DeleteObjects: 0.107200 ms)

========================================================================
Received Import Request.
  path: Assets/Scenes/MainMenu.unity
  artifactKey: Guid(29648588f118e144a992398c8a5dbac6) Importer(815301076,1909f56bfc062723c751e8b465ee728b)
Start importing Assets/Scenes/MainMenu.unity using Guid(29648588f118e144a992398c8a5dbac6) Importer(815301076,1909f56bfc062723c751e8b465ee728b)  -> (artifact id: 'a0146a9f470e758470561b740bc997a4') in 0.013731 seconds
  Import took 0.016078 seconds .

========================================================================
Received Import Request.
  Time since last request: 235.732829 seconds.
  path: Assets/Sprites/Background/Background.png
  artifactKey: Guid(7ca1cbe0bf3b24e45a3427e32672f328) Importer(815301076,1909f56bfc062723c751e8b465ee728b)
Start importing Assets/Sprites/Background/Background.png using Guid(7ca1cbe0bf3b24e45a3427e32672f328) Importer(815301076,1909f56bfc062723c751e8b465ee728b)  -> (artifact id: '1eb2a61b4ef61fa03ac212f60f07904f') in 0.071679 seconds
  Import took 0.086925 seconds .

========================================================================
Received Import Request.
  Time since last request: 6.270943 seconds.
  path: Assets/Sprites/Background/Background 1.png
  artifactKey: Guid(c2bd2ae7aee65984d8b5b0daf3c28f29) Importer(815301076,1909f56bfc062723c751e8b465ee728b)
Start importing Assets/Sprites/Background/Background 1.png using Guid(c2bd2ae7aee65984d8b5b0daf3c28f29) Importer(815301076,1909f56bfc062723c751e8b465ee728b)  -> (artifact id: '07f33abf53184e0d491df7ecde57e626') in 0.009660 seconds
  Import took 0.012128 seconds .

========================================================================
Received Import Request.
  Time since last request: 11.840578 seconds.
  path: Assets/Sprites/Background/BackgroundMenu.png
  artifactKey: Guid(c2bd2ae7aee65984d8b5b0daf3c28f29) Importer(815301076,1909f56bfc062723c751e8b465ee728b)
Start importing Assets/Sprites/Background/BackgroundMenu.png using Guid(c2bd2ae7aee65984d8b5b0daf3c28f29) Importer(815301076,1909f56bfc062723c751e8b465ee728b)  -> (artifact id: 'e731f3769d4aad9d447e421dfa4e986e') in 0.014773 seconds
  Import took 0.017273 seconds .

========================================================================
Received Import Request.
  Time since last request: 10.939684 seconds.
  path: Assets/Sprites/Background/BackgroundMenu.png
  artifactKey: Guid(c2bd2ae7aee65984d8b5b0daf3c28f29) Importer(815301076,1909f56bfc062723c751e8b465ee728b)
Start importing Assets/Sprites/Background/BackgroundMenu.png using Guid(c2bd2ae7aee65984d8b5b0daf3c28f29) Importer(815301076,1909f56bfc062723c751e8b465ee728b)  -> (artifact id: '6322d1f9b3153965423414062b1e3f48') in 0.038025 seconds
  Import took 0.040564 seconds .

========================================================================
Received Import Request.
  Time since last request: 295.447691 seconds.
  path: Assets/Fonts
  artifactKey: Guid(01905c3a1d8afb04a9f43d253ff1cf4a) Importer(815301076,1909f56bfc062723c751e8b465ee728b)
Start importing Assets/Fonts using Guid(01905c3a1d8afb04a9f43d253ff1cf4a) Importer(815301076,1909f56bfc062723c751e8b465ee728b)  -> (artifact id: 'cd25450637556882a60579b53a943bd5') in 0.004792 seconds
  Import took 0.007335 seconds .

========================================================================
Received Prepare
Registering precompiled user dll's ...
Registered in 0.000607 seconds.
Begin MonoManager ReloadAssembly
Native extension for WindowsStandalone target not found
Native extension for WebGL target not found
Refreshing native plugins compatible for Editor in 0.37 ms, found 1 plugins.
Preloading 0 native plugins for Editor in 0.00 ms.
Mono: successfully reloaded assembly
- Completed reload, in  0.716 seconds
Platform modules already initialized, skipping
Switching build target platform(5) subTarget(0) extendedPlatform(0) -> platform(13) subTarget(537395200) extendedPlatform(0)
Refreshing native plugins compatible for Editor in 0.37 ms, found 1 plugins.
Preloading 0 native plugins for Editor in 0.00 ms.
Unloading 1862 Unused Serialized files (Serialized files now loaded: 0)
System memory in use before: 91.4 MB.
System memory in use after: 90.7 MB.

Unloading 25 unused Assets to reduce memory usage. Loaded Objects now: 2305.
Total: 2.017800 ms (FindLiveObjects: 0.167500 ms CreateObjectMapping: 0.059400 ms MarkObjects: 1.483300 ms  DeleteObjects: 0.306700 ms)

AssetImportParameters requested are different than current active one (requested -> active):
  custom:graphics/normal-map-encoding: 01000000000000000000000000000000 -> 02000000000000000000000000000000
========================================================================
Received Import Request.
  Time since last request: 421.712440 seconds.
  path: Assets/Scripts/SceneChanger.cs
  artifactKey: Guid(c5615ef1a0dacfb4889cc86079af4751) Importer(815301076,1909f56bfc062723c751e8b465ee728b)
Start importing Assets/Scripts/SceneChanger.cs using Guid(c5615ef1a0dacfb4889cc86079af4751) Importer(815301076,1909f56bfc062723c751e8b465ee728b)  -> (artifact id: 'dad23366186785a3a1ca8e01010ad043') in 0.044124 seconds
  Import took 0.046836 seconds .

========================================================================
Received Prepare
Registering precompiled user dll's ...
Registered in 0.000602 seconds.
Begin MonoManager ReloadAssembly
Native extension for WindowsStandalone target not found
Native extension for WebGL target not found
Refreshing native plugins compatible for Editor in 0.38 ms, found 1 plugins.
Preloading 0 native plugins for Editor in 0.00 ms.
Mono: successfully reloaded assembly
- Completed reload, in  0.718 seconds
Platform modules already initialized, skipping
Switching build target platform(5) subTarget(0) extendedPlatform(0) -> platform(13) subTarget(537395200) extendedPlatform(0)
Refreshing native plugins compatible for Editor in 0.37 ms, found 1 plugins.
Preloading 0 native plugins for Editor in 0.00 ms.
Unloading 1863 Unused Serialized files (Serialized files now loaded: 0)
System memory in use before: 91.5 MB.
System memory in use after: 90.8 MB.

Unloading 25 unused Assets to reduce memory usage. Loaded Objects now: 2310.
Total: 1.958100 ms (FindLiveObjects: 0.177900 ms CreateObjectMapping: 0.076500 ms MarkObjects: 1.358100 ms  DeleteObjects: 0.344700 ms)

AssetImportParameters requested are different than current active one (requested -> active):
  custom:graphics/normal-map-encoding: 01000000000000000000000000000000 -> 02000000000000000000000000000000
========================================================================
Received Prepare
Registering precompiled user dll's ...
Registered in 0.000627 seconds.
Begin MonoManager ReloadAssembly
Native extension for WindowsStandalone target not found
Native extension for WebGL target not found
Refreshing native plugins compatible for Editor in 0.37 ms, found 1 plugins.
Preloading 0 native plugins for Editor in 0.00 ms.
Mono: successfully reloaded assembly
- Completed reload, in  0.716 seconds
Platform modules already initialized, skipping
Switching build target platform(5) subTarget(0) extendedPlatform(0) -> platform(13) subTarget(537395200) extendedPlatform(0)
Refreshing native plugins compatible for Editor in 0.36 ms, found 1 plugins.
Preloading 0 native plugins for Editor in 0.00 ms.
Unloading 1863 Unused Serialized files (Serialized files now loaded: 0)
System memory in use before: 91.5 MB.
System memory in use after: 90.8 MB.

Unloading 25 unused Assets to reduce memory usage. Loaded Objects now: 2314.
Total: 1.836100 ms (FindLiveObjects: 0.154200 ms CreateObjectMapping: 0.060000 ms MarkObjects: 1.311600 ms  DeleteObjects: 0.309500 ms)

AssetImportParameters requested are different than current active one (requested -> active):
  custom:graphics/normal-map-encoding: 01000000000000000000000000000000 -> 02000000000000000000000000000000
========================================================================
Received Import Request.
  Time since last request: 524.455368 seconds.
  path: Assets/Scripts/SceneChanger.cs
  artifactKey: Guid(c5615ef1a0dacfb4889cc86079af4751) Importer(815301076,1909f56bfc062723c751e8b465ee728b)
Start importing Assets/Scripts/SceneChanger.cs using Guid(c5615ef1a0dacfb4889cc86079af4751) Importer(815301076,1909f56bfc062723c751e8b465ee728b)  -> (artifact id: 'be628df8015ad7e6665e027da8b532f1') in 0.006838 seconds
  Import took 0.009367 seconds .

========================================================================
Received Import Request.
  Time since last request: 403.109451 seconds.
  path: Assets/Scenes/MainMenu.unity
  artifactKey: Guid(29648588f118e144a992398c8a5dbac6) Importer(815301076,1909f56bfc062723c751e8b465ee728b)
Start importing Assets/Scenes/MainMenu.unity using Guid(29648588f118e144a992398c8a5dbac6) Importer(815301076,1909f56bfc062723c751e8b465ee728b)  -> (artifact id: '8642420018af7b31905ba5a11299841e') in 0.010438 seconds
  Import took 0.013045 seconds .

========================================================================
Received Import Request.
  Time since last request: 4.524667 seconds.
  path: Assets/Scenes/MainMenu 1.unity
  artifactKey: Guid(515fee51c15f34145b8983cca0be0163) Importer(815301076,1909f56bfc062723c751e8b465ee728b)
Start importing Assets/Scenes/MainMenu 1.unity using Guid(515fee51c15f34145b8983cca0be0163) Importer(815301076,1909f56bfc062723c751e8b465ee728b)  -> (artifact id: '1db25b626bb8ac6af569828d3599657a') in 0.005070 seconds
  Import took 0.007664 seconds .

========================================================================
Received Import Request.
  Time since last request: 8.101367 seconds.
  path: Assets/Scenes/OptionsScene.unity
  artifactKey: Guid(515fee51c15f34145b8983cca0be0163) Importer(815301076,1909f56bfc062723c751e8b465ee728b)
Start importing Assets/Scenes/OptionsScene.unity using Guid(515fee51c15f34145b8983cca0be0163) Importer(815301076,1909f56bfc062723c751e8b465ee728b)  -> (artifact id: '2f9795980dab9acb03e29e7940cd0041') in 0.005114 seconds
  Import took 0.007736 seconds .

========================================================================
Received Import Request.
  Time since last request: 14.295650 seconds.
  path: Assets/Scenes/OptionsScene 1.unity
  artifactKey: Guid(54b7ea7d5cfe1034b9bb99553dc0e9a5) Importer(815301076,1909f56bfc062723c751e8b465ee728b)
Start importing Assets/Scenes/OptionsScene 1.unity using Guid(54b7ea7d5cfe1034b9bb99553dc0e9a5) Importer(815301076,1909f56bfc062723c751e8b465ee728b)  -> (artifact id: '22936eb1ea5380c91b1806280590e2dd') in 0.005177 seconds
  Import took 0.007800 seconds .

========================================================================
Received Import Request.
  Time since last request: 8.141800 seconds.
  path: Assets/Scenes/LossScene.unity
  artifactKey: Guid(54b7ea7d5cfe1034b9bb99553dc0e9a5) Importer(815301076,1909f56bfc062723c751e8b465ee728b)
Start importing Assets/Scenes/LossScene.unity using Guid(54b7ea7d5cfe1034b9bb99553dc0e9a5) Importer(815301076,1909f56bfc062723c751e8b465ee728b)  -> (artifact id: '7c44774ec888a7999f1148091de79660') in 0.004922 seconds
  Import took 0.007511 seconds .

========================================================================
Received Import Request.
  Time since last request: 94.302174 seconds.
  path: Assets/Fonts/Allstar4.ttf
  artifactKey: Guid(6a9d99b111a2148408adeb7a17e6f1d0) Importer(815301076,1909f56bfc062723c751e8b465ee728b)
Start importing Assets/Fonts/Allstar4.ttf using Guid(6a9d99b111a2148408adeb7a17e6f1d0) Importer(815301076,1909f56bfc062723c751e8b465ee728b)  -> (artifact id: '69e76897a67f1e63158d4944f39b2655') in 0.056677 seconds
  Import took 0.059393 seconds .

========================================================================
Received Import Request.
  Time since last request: 0.000140 seconds.
  path: Assets/Fonts/MLTWNII_.ttf
  artifactKey: Guid(f15367e871d618a41b702c86bc5f5da6) Importer(815301076,1909f56bfc062723c751e8b465ee728b)
Start importing Assets/Fonts/MLTWNII_.ttf using Guid(f15367e871d618a41b702c86bc5f5da6) Importer(815301076,1909f56bfc062723c751e8b465ee728b)  -> (artifact id: 'c958af89ef3f21e306724d9fa53daa78') in 0.009371 seconds
  Import took 0.012032 seconds .

========================================================================
Received Import Request.
  Time since last request: 0.000149 seconds.
  path: Assets/TextMesh Pro/Examples & Extras/Fonts/Oswald-Bold.ttf
  artifactKey: Guid(c9f6d0e7bc8541498c9a4799ba184ede) Importer(815301076,1909f56bfc062723c751e8b465ee728b)
Start importing Assets/TextMesh Pro/Examples & Extras/Fonts/Oswald-Bold.ttf using Guid(c9f6d0e7bc8541498c9a4799ba184ede) Importer(815301076,1909f56bfc062723c751e8b465ee728b)  -> (artifact id: '53475822abfb269c4c1b6112d7ffb8e4') in 0.009468 seconds
  Import took 0.012092 seconds .

========================================================================
Received Import Request.
  Time since last request: 0.000140 seconds.
  path: Assets/TextMesh Pro/Examples & Extras/Fonts/Roboto-Bold.ttf
  artifactKey: Guid(4beb055f07aaff244873dec698d0363e) Importer(815301076,1909f56bfc062723c751e8b465ee728b)
Start importing Assets/TextMesh Pro/Examples & Extras/Fonts/Roboto-Bold.ttf using Guid(4beb055f07aaff244873dec698d0363e) Importer(815301076,1909f56bfc062723c751e8b465ee728b)  -> (artifact id: 'fc7c3293603e8bed82dbe5d64f7d275c') in 0.009338 seconds
  Import took 0.011868 seconds .

========================================================================
Received Import Request.
  Time since last request: 0.000172 seconds.
  path: Assets/TextMesh Pro/Examples & Extras/Fonts/Electronic Highway Sign.TTF
  artifactKey: Guid(8a2b9e2a607dd2143b58c44bc32410b4) Importer(815301076,1909f56bfc062723c751e8b465ee728b)
Start importing Assets/TextMesh Pro/Examples & Extras/Fonts/Electronic Highway Sign.TTF using Guid(8a2b9e2a607dd2143b58c44bc32410b4) Importer(815301076,1909f56bfc062723c751e8b465ee728b)  -> (artifact id: 'c621e0421b5b94e6774a045b460a773a') in 0.010351 seconds
  Import took 0.012913 seconds .

========================================================================
Received Import Request.
  Time since last request: 0.000145 seconds.
  path: Assets/TextMesh Pro/Fonts/LiberationSans.ttf
  artifactKey: Guid(e3265ab4bf004d28a9537516768c1c75) Importer(815301076,1909f56bfc062723c751e8b465ee728b)
Start importing Assets/TextMesh Pro/Fonts/LiberationSans.ttf using Guid(e3265ab4bf004d28a9537516768c1c75) Importer(815301076,1909f56bfc062723c751e8b465ee728b)  -> (artifact id: '041c56d2cbadd30b60c5d28559ee4b6e') in 0.009228 seconds
  Import took 0.012067 seconds .

========================================================================
Received Import Request.
  Time since last request: 0.000132 seconds.
  path: Assets/TextMesh Pro/Examples & Extras/Fonts/Bangers.ttf
  artifactKey: Guid(5dd49b3eacc540408c98eee0de38e0f1) Importer(815301076,1909f56bfc062723c751e8b465ee728b)
Start importing Assets/TextMesh Pro/Examples & Extras/Fonts/Bangers.ttf using Guid(5dd49b3eacc540408c98eee0de38e0f1) Importer(815301076,1909f56bfc062723c751e8b465ee728b)  -> (artifact id: '2707b16c55faff9fc2dafa17f02aaf52') in 0.009435 seconds
  Import took 0.011983 seconds .

========================================================================
Received Import Request.
  Time since last request: 0.000189 seconds.
  path: Assets/TextMesh Pro/Examples & Extras/Fonts/Anton.ttf
  artifactKey: Guid(997a43b767814dd0a7642ec9b78cba41) Importer(815301076,1909f56bfc062723c751e8b465ee728b)
Start importing Assets/TextMesh Pro/Examples & Extras/Fonts/Anton.ttf using Guid(997a43b767814dd0a7642ec9b78cba41) Importer(815301076,1909f56bfc062723c751e8b465ee728b)  -> (artifact id: '7d7269a2560ed9159c2764ff51a054d0') in 0.009502 seconds
  Import took 0.012119 seconds .

========================================================================
Received Import Request.
  Time since last request: 220.076336 seconds.
  path: Assets/Scenes/GameScene.unity
  artifactKey: Guid(f550b499381adaa49987b00cc066e68b) Importer(815301076,1909f56bfc062723c751e8b465ee728b)
Start importing Assets/Scenes/GameScene.unity using Guid(f550b499381adaa49987b00cc066e68b) Importer(815301076,1909f56bfc062723c751e8b465ee728b)  -> (artifact id: '8491184334d3391188ec7d605d412d2c') in 0.005960 seconds
  Import took 0.008715 seconds .

========================================================================
Received Import Request.
  Time since last request: 0.000609 seconds.
  path: Assets/Scenes/GameScene.unity
  artifactKey: Guid(f550b499381adaa49987b00cc066e68b) Importer(815301076,1909f56bfc062723c751e8b465ee728b)
Start importing Assets/Scenes/GameScene.unity using Guid(f550b499381adaa49987b00cc066e68b) Importer(815301076,1909f56bfc062723c751e8b465ee728b)  -> (artifact id: '8491184334d3391188ec7d605d412d2c') in 0.001343 seconds
  Import took 0.003870 seconds .

========================================================================
Received Import Request.
  Time since last request: 43.619306 seconds.
  path: Assets/Prefabs/Game Session.prefab
  artifactKey: Guid(bc760dd0774ae2246a3897480e370b26) Importer(815301076,1909f56bfc062723c751e8b465ee728b)
Start importing Assets/Prefabs/Game Session.prefab using Guid(bc760dd0774ae2246a3897480e370b26) Importer(815301076,1909f56bfc062723c751e8b465ee728b)  -> (artifact id: 'be5bb155be43be0cb0436c07eb609831') in 0.011730 seconds
  Import took 0.014418 seconds .

========================================================================
Received Import Request.
  Time since last request: 6.535513 seconds.
  path: Assets/Scenes/LossScene.unity
  artifactKey: Guid(54b7ea7d5cfe1034b9bb99553dc0e9a5) Importer(815301076,1909f56bfc062723c751e8b465ee728b)
Start importing Assets/Scenes/LossScene.unity using Guid(54b7ea7d5cfe1034b9bb99553dc0e9a5) Importer(815301076,1909f56bfc062723c751e8b465ee728b)  -> (artifact id: 'df7eb30601ca3bef5355f0ea6ec55d39') in 0.001428 seconds
  Import took 0.003989 seconds .

========================================================================
Received Prepare
Registering precompiled user dll's ...
Registered in 0.000600 seconds.
Begin MonoManager ReloadAssembly
Native extension for WindowsStandalone target not found
Native extension for WebGL target not found
Refreshing native plugins compatible for Editor in 0.36 ms, found 1 plugins.
Preloading 0 native plugins for Editor in 0.00 ms.
Mono: successfully reloaded assembly
- Completed reload, in  0.711 seconds
Platform modules already initialized, skipping
Switching build target platform(5) subTarget(0) extendedPlatform(0) -> platform(13) subTarget(537395200) extendedPlatform(0)
Refreshing native plugins compatible for Editor in 0.37 ms, found 1 plugins.
Preloading 0 native plugins for Editor in 0.00 ms.
Unloading 1863 Unused Serialized files (Serialized files now loaded: 0)
System memory in use before: 91.9 MB.
System memory in use after: 91.2 MB.

Unloading 25 unused Assets to reduce memory usage. Loaded Objects now: 2360.
Total: 2.004400 ms (FindLiveObjects: 0.164000 ms CreateObjectMapping: 0.065600 ms MarkObjects: 1.448000 ms  DeleteObjects: 0.326100 ms)

AssetImportParameters requested are different than current active one (requested -> active):
  custom:graphics/normal-map-encoding: 01000000000000000000000000000000 -> 02000000000000000000000000000000
========================================================================
Received Prepare
Registering precompiled user dll's ...
Registered in 0.000594 seconds.
Begin MonoManager ReloadAssembly
Native extension for WindowsStandalone target not found
Native extension for WebGL target not found
Refreshing native plugins compatible for Editor in 0.35 ms, found 1 plugins.
Preloading 0 native plugins for Editor in 0.00 ms.
Mono: successfully reloaded assembly
- Completed reload, in  0.711 seconds
Platform modules already initialized, skipping
Switching build target platform(5) subTarget(0) extendedPlatform(0) -> platform(13) subTarget(537395200) extendedPlatform(0)
Refreshing native plugins compatible for Editor in 0.36 ms, found 1 plugins.
Preloading 0 native plugins for Editor in 0.00 ms.
Unloading 1863 Unused Serialized files (Serialized files now loaded: 0)
System memory in use before: 91.9 MB.
System memory in use after: 91.2 MB.

Unloading 25 unused Assets to reduce memory usage. Loaded Objects now: 2364.
Total: 1.979400 ms (FindLiveObjects: 0.174200 ms CreateObjectMapping: 0.064600 ms MarkObjects: 1.396500 ms  DeleteObjects: 0.343400 ms)

AssetImportParameters requested are different than current active one (requested -> active):
  custom:graphics/normal-map-encoding: 01000000000000000000000000000000 -> 02000000000000000000000000000000
========================================================================
Received Import Request.
  Time since last request: 195.076615 seconds.
  path: Assets/Scenes/LossScene.unity
  artifactKey: Guid(54b7ea7d5cfe1034b9bb99553dc0e9a5) Importer(815301076,1909f56bfc062723c751e8b465ee728b)
Start importing Assets/Scenes/LossScene.unity using Guid(54b7ea7d5cfe1034b9bb99553dc0e9a5) Importer(815301076,1909f56bfc062723c751e8b465ee728b)  -> (artifact id: '310e2c92888123c85856e313fbd28a65') in 0.008372 seconds
  Import took 0.010990 seconds .

========================================================================
Received Import Request.
  Time since last request: 0.002768 seconds.
  path: Assets/Scenes/LossScene.unity
  artifactKey: Guid(54b7ea7d5cfe1034b9bb99553dc0e9a5) Importer(815301076,1909f56bfc062723c751e8b465ee728b)
Start importing Assets/Scenes/LossScene.unity using Guid(54b7ea7d5cfe1034b9bb99553dc0e9a5) Importer(815301076,1909f56bfc062723c751e8b465ee728b)  -> (artifact id: '310e2c92888123c85856e313fbd28a65') in 0.001393 seconds
  Import took 0.004130 seconds .

========================================================================
Received Prepare
Registering precompiled user dll's ...
Registered in 0.000620 seconds.
Begin MonoManager ReloadAssembly
Native extension for WindowsStandalone target not found
Native extension for WebGL target not found
Refreshing native plugins compatible for Editor in 0.37 ms, found 1 plugins.
Preloading 0 native plugins for Editor in 0.00 ms.
Mono: successfully reloaded assembly
- Completed reload, in  0.718 seconds
Platform modules already initialized, skipping
Switching build target platform(5) subTarget(0) extendedPlatform(0) -> platform(13) subTarget(537395200) extendedPlatform(0)
Refreshing native plugins compatible for Editor in 0.35 ms, found 1 plugins.
Preloading 0 native plugins for Editor in 0.00 ms.
Unloading 1863 Unused Serialized files (Serialized files now loaded: 0)
System memory in use before: 91.9 MB.
System memory in use after: 91.2 MB.

Unloading 25 unused Assets to reduce memory usage. Loaded Objects now: 2368.
Total: 1.916900 ms (FindLiveObjects: 0.167200 ms CreateObjectMapping: 0.059200 ms MarkObjects: 1.367800 ms  DeleteObjects: 0.322200 ms)

AssetImportParameters requested are different than current active one (requested -> active):
  custom:graphics/normal-map-encoding: 01000000000000000000000000000000 -> 02000000000000000000000000000000
========================================================================
Received Prepare
Registering precompiled user dll's ...
Registered in 0.000652 seconds.
Begin MonoManager ReloadAssembly
Native extension for WindowsStandalone target not found
Native extension for WebGL target not found
Refreshing native plugins compatible for Editor in 0.37 ms, found 1 plugins.
Preloading 0 native plugins for Editor in 0.00 ms.
Mono: successfully reloaded assembly
- Completed reload, in  0.753 seconds
Platform modules already initialized, skipping
Switching build target platform(5) subTarget(0) extendedPlatform(0) -> platform(13) subTarget(537395200) extendedPlatform(0)
Refreshing native plugins compatible for Editor in 0.38 ms, found 1 plugins.
Preloading 0 native plugins for Editor in 0.00 ms.
Unloading 1863 Unused Serialized files (Serialized files now loaded: 0)
System memory in use before: 91.9 MB.
System memory in use after: 91.3 MB.

Unloading 25 unused Assets to reduce memory usage. Loaded Objects now: 2372.
Total: 2.031900 ms (FindLiveObjects: 0.203900 ms CreateObjectMapping: 0.080100 ms MarkObjects: 1.387800 ms  DeleteObjects: 0.359000 ms)

AssetImportParameters requested are different than current active one (requested -> active):
  custom:graphics/normal-map-encoding: 01000000000000000000000000000000 -> 02000000000000000000000000000000
========================================================================
Received Import Request.
  Time since last request: 250.121794 seconds.
  path: Assets/Scripts/ScoreDisplay.cs
  artifactKey: Guid(5a9c04c454c4c4542888fce5fb839bfa) Importer(815301076,1909f56bfc062723c751e8b465ee728b)
Start importing Assets/Scripts/ScoreDisplay.cs using Guid(5a9c04c454c4c4542888fce5fb839bfa) Importer(815301076,1909f56bfc062723c751e8b465ee728b)  -> (artifact id: 'a4c0450d40842b39f8f9f3d0e62f5bb8') in 0.007226 seconds
  Import took 0.009989 seconds .

========================================================================
Received Prepare
Registering precompiled user dll's ...
Registered in 0.000620 seconds.
Begin MonoManager ReloadAssembly
Native extension for WindowsStandalone target not found
Native extension for WebGL target not found
Refreshing native plugins compatible for Editor in 0.37 ms, found 1 plugins.
Preloading 0 native plugins for Editor in 0.00 ms.
Mono: successfully reloaded assembly
- Completed reload, in  0.727 seconds
Platform modules already initialized, skipping
Switching build target platform(5) subTarget(0) extendedPlatform(0) -> platform(13) subTarget(537395200) extendedPlatform(0)
Refreshing native plugins compatible for Editor in 0.35 ms, found 1 plugins.
Preloading 0 native plugins for Editor in 0.00 ms.
Unloading 1864 Unused Serialized files (Serialized files now loaded: 0)
System memory in use before: 92.0 MB.
System memory in use after: 91.3 MB.

Unloading 25 unused Assets to reduce memory usage. Loaded Objects now: 2377.
Total: 1.880600 ms (FindLiveObjects: 0.166700 ms CreateObjectMapping: 0.061900 ms MarkObjects: 1.314800 ms  DeleteObjects: 0.336500 ms)

AssetImportParameters requested are different than current active one (requested -> active):
  custom:graphics/normal-map-encoding: 01000000000000000000000000000000 -> 02000000000000000000000000000000
========================================================================
Received Import Request.
  Time since last request: 14.717401 seconds.
  path: Assets/Scenes/GameScene.unity
  artifactKey: Guid(f550b499381adaa49987b00cc066e68b) Importer(815301076,1909f56bfc062723c751e8b465ee728b)
Start importing Assets/Scenes/GameScene.unity using Guid(f550b499381adaa49987b00cc066e68b) Importer(815301076,1909f56bfc062723c751e8b465ee728b)  -> (artifact id: '1d9f4be39789a95992e425bd5d3e32f5') in 0.008695 seconds
  Import took 0.011395 seconds .

========================================================================
Received Prepare
Registering precompiled user dll's ...
Registered in 0.000616 seconds.
Begin MonoManager ReloadAssembly
Native extension for WindowsStandalone target not found
Native extension for WebGL target not found
Refreshing native plugins compatible for Editor in 0.35 ms, found 1 plugins.
Preloading 0 native plugins for Editor in 0.00 ms.
Mono: successfully reloaded assembly
- Completed reload, in  0.734 seconds
Platform modules already initialized, skipping
Switching build target platform(5) subTarget(0) extendedPlatform(0) -> platform(13) subTarget(537395200) extendedPlatform(0)
Refreshing native plugins compatible for Editor in 0.36 ms, found 1 plugins.
Preloading 0 native plugins for Editor in 0.00 ms.
Unloading 1864 Unused Serialized files (Serialized files now loaded: 0)
System memory in use before: 92.0 MB.
System memory in use after: 91.3 MB.

Unloading 25 unused Assets to reduce memory usage. Loaded Objects now: 2381.
Total: 1.944100 ms (FindLiveObjects: 0.179900 ms CreateObjectMapping: 0.064500 ms MarkObjects: 1.371400 ms  DeleteObjects: 0.327300 ms)

AssetImportParameters requested are different than current active one (requested -> active):
  custom:graphics/normal-map-encoding: 01000000000000000000000000000000 -> 02000000000000000000000000000000
========================================================================
Received Prepare
Registering precompiled user dll's ...
Registered in 0.000650 seconds.
Begin MonoManager ReloadAssembly
Native extension for WindowsStandalone target not found
Native extension for WebGL target not found
Refreshing native plugins compatible for Editor in 0.35 ms, found 1 plugins.
Preloading 0 native plugins for Editor in 0.00 ms.
Mono: successfully reloaded assembly
- Completed reload, in  0.730 seconds
Platform modules already initialized, skipping
Switching build target platform(5) subTarget(0) extendedPlatform(0) -> platform(13) subTarget(537395200) extendedPlatform(0)
Refreshing native plugins compatible for Editor in 0.35 ms, found 1 plugins.
Preloading 0 native plugins for Editor in 0.00 ms.
Unloading 1864 Unused Serialized files (Serialized files now loaded: 0)
System memory in use before: 92.0 MB.
System memory in use after: 91.3 MB.

Unloading 25 unused Assets to reduce memory usage. Loaded Objects now: 2385.
Total: 1.928600 ms (FindLiveObjects: 0.184600 ms CreateObjectMapping: 0.073400 ms MarkObjects: 1.331100 ms  DeleteObjects: 0.338800 ms)

AssetImportParameters requested are different than current active one (requested -> active):
  custom:graphics/normal-map-encoding: 01000000000000000000000000000000 -> 02000000000000000000000000000000
========================================================================
Received Import Request.
  Time since last request: 273.863702 seconds.
  path: Assets/Scripts/ScoreDisplay.cs
  artifactKey: Guid(5a9c04c454c4c4542888fce5fb839bfa) Importer(815301076,1909f56bfc062723c751e8b465ee728b)
Start importing Assets/Scripts/ScoreDisplay.cs using Guid(5a9c04c454c4c4542888fce5fb839bfa) Importer(815301076,1909f56bfc062723c751e8b465ee728b)  -> (artifact id: '72e70cc16a7f424443cc7fc565596116') in 0.003282 seconds
  Import took 0.005797 seconds .

========================================================================
Received Prepare
Registering precompiled user dll's ...
Registered in 0.000646 seconds.
Begin MonoManager ReloadAssembly
Native extension for WindowsStandalone target not found
Native extension for WebGL target not found
Refreshing native plugins compatible for Editor in 0.36 ms, found 1 plugins.
Preloading 0 native plugins for Editor in 0.00 ms.
Mono: successfully reloaded assembly
- Completed reload, in  0.743 seconds
Platform modules already initialized, skipping
Switching build target platform(5) subTarget(0) extendedPlatform(0) -> platform(13) subTarget(537395200) extendedPlatform(0)
Refreshing native plugins compatible for Editor in 0.35 ms, found 1 plugins.
Preloading 0 native plugins for Editor in 0.00 ms.
Unloading 1864 Unused Serialized files (Serialized files now loaded: 0)
System memory in use before: 92.0 MB.
System memory in use after: 91.3 MB.

Unloading 25 unused Assets to reduce memory usage. Loaded Objects now: 2389.
Total: 1.932400 ms (FindLiveObjects: 0.164600 ms CreateObjectMapping: 0.065800 ms MarkObjects: 1.366300 ms  DeleteObjects: 0.335000 ms)

AssetImportParameters requested are different than current active one (requested -> active):
  custom:graphics/normal-map-encoding: 01000000000000000000000000000000 -> 02000000000000000000000000000000
========================================================================
Received Import Request.
  Time since last request: 161.648495 seconds.
  path: Assets/Scripts/ScoreDisplay.cs
  artifactKey: Guid(5a9c04c454c4c4542888fce5fb839bfa) Importer(815301076,1909f56bfc062723c751e8b465ee728b)
Start importing Assets/Scripts/ScoreDisplay.cs using Guid(5a9c04c454c4c4542888fce5fb839bfa) Importer(815301076,1909f56bfc062723c751e8b465ee728b)  -> (artifact id: '8ce5c793374ee293726ae26f597a2f3e') in 0.003187 seconds
  Import took 0.005700 seconds .

========================================================================
Received Prepare
Registering precompiled user dll's ...
Registered in 0.000595 seconds.
Begin MonoManager ReloadAssembly
Native extension for WindowsStandalone target not found
Native extension for WebGL target not found
Refreshing native plugins compatible for Editor in 0.37 ms, found 1 plugins.
Preloading 0 native plugins for Editor in 0.00 ms.
Mono: successfully reloaded assembly
- Completed reload, in  0.766 seconds
Platform modules already initialized, skipping
Switching build target platform(5) subTarget(0) extendedPlatform(0) -> platform(13) subTarget(537395200) extendedPlatform(0)
Refreshing native plugins compatible for Editor in 0.38 ms, found 1 plugins.
Preloading 0 native plugins for Editor in 0.00 ms.
Unloading 1864 Unused Serialized files (Serialized files now loaded: 0)
System memory in use before: 92.0 MB.
System memory in use after: 91.3 MB.

Unloading 25 unused Assets to reduce memory usage. Loaded Objects now: 2393.
Total: 2.091000 ms (FindLiveObjects: 0.188300 ms CreateObjectMapping: 0.087500 ms MarkObjects: 1.412400 ms  DeleteObjects: 0.402100 ms)

AssetImportParameters requested are different than current active one (requested -> active):
  custom:graphics/normal-map-encoding: 01000000000000000000000000000000 -> 02000000000000000000000000000000
AssetImportWorkerClient::OnTransportError - code=2 error=End of file
